<?xml version="1.0" encoding="UTF-8"?>
<!-- Generated by org.testng.reporters.JUnitReportReporter -->
<testsuite hostname="DESKTOP-FK3RV9V" failures="0" tests="2" name="test_cases.Employee_grade_Creation_DApproach" time="36.281" errors="0" timestamp="2024-10-22T15:36:48 IST" skipped="0">
  <testcase classname="test_cases.Employee_grade_Creation_DApproach" name="gradeCreationTest" time="19.301"/>
  <system-out/>
  <testcase classname="test_cases.Employee_grade_Creation_DApproach" name="gradeCreationTest" time="16.980"/>
  <system-out/>
</testsuite> <!-- test_cases.Employee_grade_Creation_DApproach -->
