<?xml version="1.0" encoding="UTF-8"?>
<!-- Generated by org.testng.reporters.JUnitReportReporter -->
<testsuite hostname="DESKTOP-FK3RV9V" failures="0" tests="1" name="test_cases.Employee_Grade_Creation" time="15.305" errors="0" timestamp="2024-10-22T13:19:56 IST" skipped="0">
  <testcase classname="test_cases.Employee_Grade_Creation" name="Employee_grade_creation" time="15.305"/>
  <system-out/>
</testsuite> <!-- test_cases.Employee_Grade_Creation -->
