<?xml version="1.0" encoding="UTF-8"?>
<!-- Generated by org.testng.reporters.JUnitReportReporter -->
<testsuite hostname="DESKTOP-FK3RV9V" failures="0" tests="1" name="test_cases.Login_Test" time="6.224" errors="0" timestamp="2024-09-13T13:32:13 IST" skipped="0">
  <testcase classname="test_cases.Login_Test" name="login" time="6.224"/>
  <system-out/>
</testsuite> <!-- test_cases.Login_Test -->
