<?xml version="1.0" encoding="UTF-8"?>
<!-- Generated by org.testng.reporters.JUnitReportReporter -->
<testsuite hostname="DESKTOP-FK3RV9V" failures="0" tests="2" name="test_cases.Vendor_type" time="33.131" errors="0" timestamp="2024-10-11T16:34:50 IST" skipped="0">
  <testcase classname="test_cases.Vendor_type" name="vendor_creation" time="15.543"/>
  <system-out/>
  <testcase classname="test_cases.Vendor_type" name="vendor_creation" time="17.588"/>
  <system-out/>
</testsuite> <!-- test_cases.Vendor_type -->
