<?xml version="1.0" encoding="UTF-8"?>
<!-- Generated by org.testng.reporters.JUnitReportReporter -->
<testsuite hostname="DESKTOP-FK3RV9V" failures="0" tests="5" name="flows_data_driven.Login" time="30.459" errors="0" timestamp="2024-09-13T16:26:26 IST" skipped="0">
  <testcase classname="flows_data_driven.Login" name="loginTest" time="6.270"/>
  <system-out/>
  <testcase classname="flows_data_driven.Login" name="loginTest" time="6.046"/>
  <system-out/>
  <testcase classname="flows_data_driven.Login" name="loginTest" time="6.127"/>
  <system-out/>
  <testcase classname="flows_data_driven.Login" name="loginTest" time="5.959"/>
  <system-out/>
  <testcase classname="flows_data_driven.Login" name="loginTest" time="6.057"/>
  <system-out/>
</testsuite> <!-- flows_data_driven.Login -->
