<?xml version="1.0" encoding="UTF-8"?>
<!-- Generated by org.testng.reporters.JUnitReportReporter -->
<testsuite hostname="DESKTOP-FK3RV9V" failures="0" tests="1" name="test_cases.Shift_type" time="14.098" errors="0" timestamp="2024-10-11T16:34:50 IST" skipped="0">
  <testcase classname="test_cases.Shift_type" name="loginTest" time="14.098"/>
  <system-out/>
</testsuite> <!-- test_cases.Shift_type -->
