<?xml version="1.0" encoding="UTF-8"?>
<!-- Generated by org.testng.reporters.JUnitReportReporter -->
<testsuite hostname="DESKTOP-FK3RV9V" failures="0" tests="1" name="test_cases.Employee_Creation" time="21.037" errors="0" timestamp="2024-09-13T18:51:24 IST" skipped="0">
  <testcase classname="test_cases.Employee_Creation" name="Employee" time="21.037"/>
  <system-out/>
</testsuite> <!-- test_cases.Employee_Creation -->
